[debug] [2025-04-29T22:43:54.180Z] ----------------------------------------------------------------------
[debug] [2025-04-29T22:43:54.182Z] Command:       C:\Program Files\nodejs\node.exe C:\Program Files\nodejs\node_modules\firebase-tools\lib\bin\firebase.js init
[debug] [2025-04-29T22:43:54.182Z] CLI Version:   14.2.1
[debug] [2025-04-29T22:43:54.183Z] Platform:      win32
[debug] [2025-04-29T22:43:54.183Z] Node Version:  v22.15.0
[debug] [2025-04-29T22:43:54.183Z] Time:          Tue Apr 29 2025 17:43:54 GMT-0500 (hora estándar de Colombia)
[debug] [2025-04-29T22:43:54.183Z] ----------------------------------------------------------------------
[debug] 
[debug] [2025-04-29T22:43:54.186Z] >>> [apiv2][query] GET https://firebase-public.firebaseio.com/cli.json [none]
[debug] [2025-04-29T22:43:54.221Z] > command requires scopes: ["email","openid","https://www.googleapis.com/auth/cloudplatformprojects.readonly","https://www.googleapis.com/auth/firebase","https://www.googleapis.com/auth/cloud-platform"]
[debug] [2025-04-29T22:43:54.221Z] > authorizing via signed-in user (camachobernalkevinalexander@gmail.com)
[info] 
     ######## #### ########  ######## ########     ###     ######  ########
     ##        ##  ##     ## ##       ##     ##  ##   ##  ##       ##
     ######    ##  ########  ######   ########  #########  ######  ######
     ##        ##  ##    ##  ##       ##     ## ##     ##       ## ##
     ##       #### ##     ## ######## ########  ##     ##  ######  ########

You're about to initialize a Firebase project in this directory:

  C:\Users\USUARIO\Documents\PHOENIX

[debug] [2025-04-29T22:43:54.461Z] <<< [apiv2][status] GET https://firebase-public.firebaseio.com/cli.json 200
[debug] [2025-04-29T22:43:54.461Z] <<< [apiv2][body] GET https://firebase-public.firebaseio.com/cli.json {"cloudBuildErrorAfter":1594252800000,"cloudBuildWarnAfter":1590019200000,"defaultNode10After":1594252800000,"minVersion":"3.0.5","node8DeploysDisabledAfter":1613390400000,"node8RuntimeDisabledAfter":1615809600000,"node8WarnAfter":1600128000000}
